<?xml version="1.0" encoding="UTF-8"?>
<!-- Generated by org.testng.reporters.JUnitReportReporter -->
<testsuite hostname="FarhanKhalid" failures="0" tests="1" name="test7.Class7" time="6.132" errors="0" timestamp="2022-12-05T01:18:33 EST" skipped="0">
  <testcase classname="test7.Class7" name="Waittime" time="6.132"/>
  <system-out/>
</testsuite> <!-- test7.Class7 -->
